0 info it worked if it ends with ok
1 verbose cli [ 'C:\\Program Files (x86)\\nodejs\\node.exe',
1 verbose cli   'C:\\Program Files (x86)\\nodejs\\node_modules\\npm\\bin\\npm-cli.js',
1 verbose cli   'install',
1 verbose cli   '-S',
1 verbose cli   'google-PlacesService' ]
2 info using npm@2.15.8
3 info using node@v4.4.7
4 verbose install initial load of C:\Users\user\Desktop\Rima\Reparing vehicale Trackingbbbbb\package.json
5 warn package.json authapp@1.0.0 No repository field.
6 warn package.json authapp@1.0.0 No README data
7 verbose installManyTop reading scoped package data from C:\Users\user\Desktop\Rima\Reparing vehicale Trackingbbbbb\node_modules\body-parser\package.json
8 verbose installManyTop reading scoped package data from C:\Users\user\Desktop\Rima\Reparing vehicale Trackingbbbbb\node_modules\ejs\package.json
9 verbose installManyTop reading scoped package data from C:\Users\user\Desktop\Rima\Reparing vehicale Trackingbbbbb\node_modules\express\package.json
10 verbose installManyTop reading scoped package data from C:\Users\user\Desktop\Rima\Reparing vehicale Trackingbbbbb\node_modules\express-jwt\package.json
11 verbose installManyTop reading scoped package data from C:\Users\user\Desktop\Rima\Reparing vehicale Trackingbbbbb\node_modules\googleplaces\package.json
12 verbose installManyTop reading scoped package data from C:\Users\user\Desktop\Rima\Reparing vehicale Trackingbbbbb\node_modules\jsonwebtoken\package.json
13 verbose installManyTop reading scoped package data from C:\Users\user\Desktop\Rima\Reparing vehicale Trackingbbbbb\node_modules\mongoose\package.json
14 verbose installManyTop reading scoped package data from C:\Users\user\Desktop\Rima\Reparing vehicale Trackingbbbbb\node_modules\nodemailer\package.json
15 verbose installManyTop reading scoped package data from C:\Users\user\Desktop\Rima\Reparing vehicale Trackingbbbbb\node_modules\request\package.json
16 info package.json express-jwt@5.1.0 No license field.
17 verbose readDependencies loading dependencies from C:\Users\user\Desktop\Rima\Reparing vehicale Trackingbbbbb\package.json
18 silly cache add args [ 'google-PlacesService', null ]
19 verbose cache add spec google-PlacesService
20 silly cache add parsed spec Result {
20 silly cache add   raw: 'google-PlacesService',
20 silly cache add   scope: null,
20 silly cache add   name: 'google-PlacesService',
20 silly cache add   rawSpec: '',
20 silly cache add   spec: 'latest',
20 silly cache add   type: 'tag' }
21 silly addNamed google-PlacesService@latest
22 verbose addNamed "latest" is being treated as a dist-tag for google-PlacesService
23 info addNameTag [ 'google-PlacesService', 'latest' ]
24 silly mapToRegistry name google-PlacesService
25 silly mapToRegistry using default registry
26 silly mapToRegistry registry https://registry.npmjs.org/
27 silly mapToRegistry data Result {
27 silly mapToRegistry   raw: 'google-PlacesService',
27 silly mapToRegistry   scope: null,
27 silly mapToRegistry   name: 'google-PlacesService',
27 silly mapToRegistry   rawSpec: '',
27 silly mapToRegistry   spec: 'latest',
27 silly mapToRegistry   type: 'tag' }
28 silly mapToRegistry uri https://registry.npmjs.org/google-PlacesService
29 verbose addNameTag registry:https://registry.npmjs.org/google-PlacesService not in flight; fetching
30 verbose request uri https://registry.npmjs.org/google-PlacesService
31 verbose request no auth needed
32 info attempt registry request try #1 at 12:31:10 PM
33 verbose request id 96c09ed4caeb74ae
34 http request GET https://registry.npmjs.org/google-PlacesService
35 http 404 https://registry.npmjs.org/google-PlacesService
36 verbose headers { 'content-type': 'application/json',
36 verbose headers   'cache-control': 'max-age=0',
36 verbose headers   'content-length': '2',
36 verbose headers   'accept-ranges': 'bytes',
36 verbose headers   date: 'Tue, 16 May 2017 09:31:12 GMT',
36 verbose headers   via: '1.1 varnish',
36 verbose headers   age: '0',
36 verbose headers   connection: 'keep-alive',
36 verbose headers   'x-served-by': 'cache-fra1236-FRA',
36 verbose headers   'x-cache': 'MISS',
36 verbose headers   'x-cache-hits': '0',
36 verbose headers   'x-timer': 'S1494927072.605526,VS0,VE740',
36 verbose headers   vary: 'Accept-Encoding' }
37 silly get cb [ 404,
37 silly get   { 'content-type': 'application/json',
37 silly get     'cache-control': 'max-age=0',
37 silly get     'content-length': '2',
37 silly get     'accept-ranges': 'bytes',
37 silly get     date: 'Tue, 16 May 2017 09:31:12 GMT',
37 silly get     via: '1.1 varnish',
37 silly get     age: '0',
37 silly get     connection: 'keep-alive',
37 silly get     'x-served-by': 'cache-fra1236-FRA',
37 silly get     'x-cache': 'MISS',
37 silly get     'x-cache-hits': '0',
37 silly get     'x-timer': 'S1494927072.605526,VS0,VE740',
37 silly get     vary: 'Accept-Encoding' } ]
38 verbose stack Error: Registry returned 404 for GET on https://registry.npmjs.org/google-PlacesService
38 verbose stack     at makeError (C:\Program Files (x86)\nodejs\node_modules\npm\node_modules\npm-registry-client\lib\request.js:264:12)
38 verbose stack     at CachingRegistryClient.<anonymous> (C:\Program Files (x86)\nodejs\node_modules\npm\node_modules\npm-registry-client\lib\request.js:242:14)
38 verbose stack     at Request._callback (C:\Program Files (x86)\nodejs\node_modules\npm\node_modules\npm-registry-client\lib\request.js:172:14)
38 verbose stack     at Request.self.callback (C:\Program Files (x86)\nodejs\node_modules\npm\node_modules\request\request.js:200:22)
38 verbose stack     at emitTwo (events.js:87:13)
38 verbose stack     at Request.emit (events.js:172:7)
38 verbose stack     at Request.<anonymous> (C:\Program Files (x86)\nodejs\node_modules\npm\node_modules\request\request.js:1067:10)
38 verbose stack     at emitOne (events.js:82:20)
38 verbose stack     at Request.emit (events.js:169:7)
38 verbose stack     at IncomingMessage.<anonymous> (C:\Program Files (x86)\nodejs\node_modules\npm\node_modules\request\request.js:988:12)
39 verbose statusCode 404
40 verbose pkgid google-PlacesService
41 verbose cwd C:\Users\user\Desktop\Rima\Reparing vehicale Trackingbbbbb
42 error Windows_NT 10.0.14393
43 error argv "C:\\Program Files (x86)\\nodejs\\node.exe" "C:\\Program Files (x86)\\nodejs\\node_modules\\npm\\bin\\npm-cli.js" "install" "-S" "google-PlacesService"
44 error node v4.4.7
45 error npm  v2.15.8
46 error code E404
47 error 404 Registry returned 404 for GET on https://registry.npmjs.org/google-PlacesService
47 error 404
47 error 404 'google-PlacesService' is not in the npm registry.
47 error 404 Your package name is not valid, because
47 error 404
47 error 404  1. name can no longer contain capital letters
47 error 404 It was specified as a dependency of 'authapp'
47 error 404
47 error 404 Note that you can also install from a
47 error 404 tarball, folder, http url, or git url.
48 verbose exit [ 1, true ]
